This file contains any messages produced by compilers while
running configure, to aid debugging if configure makes a mistake.

It was created by msim configure x1.3.8.5, which was
generated by GNU Autoconf 2.69.  Invocation command line was

  $ ./configure 

## --------- ##
## Platform. ##
## --------- ##

hostname = 
uname -m = amd64
uname -r = 12.0-RELEASE-p9
uname -s = FreeBSD
uname -v = FreeBSD 12.0-RELEASE-p9 GENERIC 

/usr/bin/uname -p = amd64
/bin/uname -X     = unknown

/bin/arch              = unknown
/usr/bin/arch -k       = unknown
/usr/convex/getsysinfo = unknown
/usr/bin/hostinfo      = unknown
/bin/machine           = unknown
/usr/bin/oslevel       = unknown
/bin/universe          = unknown

PATH: /sbin
PATH: /bin
PATH: /usr/sbin
PATH: /usr/bin
PATH: /usr/games
PATH: /usr/local/sbin
PATH: /usr/local/bin


## ----------- ##
## Core tests. ##
## ----------- ##

configure:2432: checking for a BSD-compatible install
configure:2500: result: /usr/bin/install -c
configure:2511: checking whether build environment is sane
configure:2566: result: yes
configure:2717: checking for a thread-safe mkdir -p
configure:2756: result: ./install-sh -c -d
configure:2763: checking for gawk
configure:2793: result: no
configure:2763: checking for mawk
configure:2793: result: no
configure:2763: checking for nawk
configure:2779: found /usr/bin/nawk
configure:2790: result: nawk
configure:2801: checking whether make sets $(MAKE)
configure:2823: result: yes
configure:2852: checking whether make supports nested variables
configure:2869: result: yes
configure:3054: checking for g++
configure:3084: result: no
configure:3054: checking for c++
configure:3070: found /usr/bin/c++
configure:3081: result: c++
configure:3108: checking for C++ compiler version
configure:3117: c++ --version >&5
FreeBSD clang version 6.0.1 (tags/RELEASE_601/final 335540) (based on LLVM 6.0.1)
Target: x86_64-unknown-freebsd12.0
Thread model: posix
InstalledDir: /usr/bin
configure:3128: $? = 0
configure:3117: c++ -v >&5
FreeBSD clang version 6.0.1 (tags/RELEASE_601/final 335540) (based on LLVM 6.0.1)
Target: x86_64-unknown-freebsd12.0
Thread model: posix
InstalledDir: /usr/bin
configure:3128: $? = 0
configure:3117: c++ -V >&5
c++: error: argument to '-V' is missing (expected 1 value)
c++: error: no input files
configure:3128: $? = 1
configure:3117: c++ -qversion >&5
c++: error: unknown argument: '-qversion'
c++: error: no input files
configure:3128: $? = 1
configure:3148: checking whether the C++ compiler works
configure:3170: c++  -I/usr/local/include  conftest.cpp  >&5
configure:3174: $? = 0
configure:3222: result: yes
configure:3225: checking for C++ compiler default output file name
configure:3227: result: a.out
configure:3233: checking for suffix of executables
configure:3240: c++ -o conftest  -I/usr/local/include  conftest.cpp  >&5
configure:3244: $? = 0
configure:3266: result: 
configure:3288: checking whether we are cross compiling
configure:3296: c++ -o conftest  -I/usr/local/include  conftest.cpp  >&5
configure:3300: $? = 0
configure:3307: ./conftest
configure:3311: $? = 0
configure:3326: result: no
configure:3331: checking for suffix of object files
configure:3353: c++ -c  -I/usr/local/include conftest.cpp >&5
configure:3357: $? = 0
configure:3378: result: o
configure:3382: checking whether we are using the GNU C++ compiler
configure:3401: c++ -c  -I/usr/local/include conftest.cpp >&5
configure:3401: $? = 0
configure:3410: result: yes
configure:3419: checking whether c++ accepts -g
configure:3439: c++ -c -g -I/usr/local/include conftest.cpp >&5
configure:3439: $? = 0
configure:3480: result: yes
configure:3506: checking whether make supports the include directive
configure:3521: make -f confmf.GNU && cat confinc.out
this is the am__doit target
configure:3524: $? = 0
configure:3543: result: yes (GNU style)
configure:3568: checking dependency style of c++
configure:3679: result: none
configure:3694: checking whether ln -s works
configure:3698: result: yes
configure:3748: checking for ranlib
configure:3764: found /usr/bin/ranlib
configure:3775: result: ranlib
configure:3845: checking for gcc
configure:3875: result: no
configure:3938: checking for cc
configure:3959: found /usr/bin/cc
configure:3982: result: cc
configure:4101: checking for C compiler version
configure:4110: cc --version >&5
FreeBSD clang version 6.0.1 (tags/RELEASE_601/final 335540) (based on LLVM 6.0.1)
Target: x86_64-unknown-freebsd12.0
Thread model: posix
InstalledDir: /usr/bin
configure:4121: $? = 0
configure:4110: cc -v >&5
FreeBSD clang version 6.0.1 (tags/RELEASE_601/final 335540) (based on LLVM 6.0.1)
Target: x86_64-unknown-freebsd12.0
Thread model: posix
InstalledDir: /usr/bin
configure:4121: $? = 0
configure:4110: cc -V >&5
cc: error: argument to '-V' is missing (expected 1 value)
cc: error: no input files
configure:4121: $? = 1
configure:4110: cc -qversion >&5
cc: error: unknown argument: '-qversion'
cc: error: no input files
configure:4121: $? = 1
configure:4125: checking whether we are using the GNU C compiler
configure:4144: cc -c  -I/usr/local/include conftest.c >&5
configure:4144: $? = 0
configure:4153: result: yes
configure:4162: checking whether cc accepts -g
configure:4182: cc -c -g -I/usr/local/include conftest.c >&5
configure:4182: $? = 0
configure:4223: result: yes
configure:4240: checking for cc option to accept ISO C89
configure:4303: cc  -c -g -O2 -I/usr/local/include conftest.c >&5
configure:4303: $? = 0
configure:4316: result: none needed
configure:4341: checking whether cc understands -c and -o together
configure:4363: cc -c conftest.c -o conftest2.o
configure:4366: $? = 0
configure:4363: cc -c conftest.c -o conftest2.o
configure:4366: $? = 0
configure:4378: result: yes
configure:4397: checking dependency style of cc
configure:4508: result: none
configure:4529: checking how to run the C preprocessor
configure:4560: cc -E -I/usr/local/include conftest.c
configure:4560: $? = 0
configure:4574: cc -E -I/usr/local/include conftest.c
conftest.c:11:10: fatal error: 'ac_nonexistent.h' file not found
#include <ac_nonexistent.h>
         ^~~~~~~~~~~~~~~~~~
1 error generated.
configure:4574: $? = 1
configure: failed program was:
| /* confdefs.h */
| #define PACKAGE_NAME "msim"
| #define PACKAGE_TARNAME "msim"
| #define PACKAGE_VERSION "x1.3.8.5"
| #define PACKAGE_STRING "msim x1.3.8.5"
| #define PACKAGE_BUGREPORT ""
| #define PACKAGE_URL ""
| #define PACKAGE "msim"
| #define VERSION "x1.3.8.5"
| /* end confdefs.h.  */
| #include <ac_nonexistent.h>
configure:4599: result: cc -E
configure:4619: cc -E -I/usr/local/include conftest.c
configure:4619: $? = 0
configure:4633: cc -E -I/usr/local/include conftest.c
conftest.c:11:10: fatal error: 'ac_nonexistent.h' file not found
#include <ac_nonexistent.h>
         ^~~~~~~~~~~~~~~~~~
1 error generated.
configure:4633: $? = 1
configure: failed program was:
| /* confdefs.h */
| #define PACKAGE_NAME "msim"
| #define PACKAGE_TARNAME "msim"
| #define PACKAGE_VERSION "x1.3.8.5"
| #define PACKAGE_STRING "msim x1.3.8.5"
| #define PACKAGE_BUGREPORT ""
| #define PACKAGE_URL ""
| #define PACKAGE "msim"
| #define VERSION "x1.3.8.5"
| /* end confdefs.h.  */
| #include <ac_nonexistent.h>
configure:4662: checking for grep that handles long lines and -e
configure:4720: result: /usr/bin/grep
configure:4725: checking for egrep
configure:4787: result: /usr/bin/grep -E
configure:4792: checking for ANSI C header files
configure:4812: cc -c -g -O2 -I/usr/local/include conftest.c >&5
configure:4812: $? = 0
configure:4885: cc -o conftest -g -O2 -I/usr/local/include  conftest.c  >&5
configure:4885: $? = 0
configure:4885: ./conftest
configure:4885: $? = 0
configure:4896: result: yes
configure:4909: checking for sys/types.h
configure:4909: cc -c -g -O2 -I/usr/local/include conftest.c >&5
configure:4909: $? = 0
configure:4909: result: yes
configure:4909: checking for sys/stat.h
configure:4909: cc -c -g -O2 -I/usr/local/include conftest.c >&5
configure:4909: $? = 0
configure:4909: result: yes
configure:4909: checking for stdlib.h
configure:4909: cc -c -g -O2 -I/usr/local/include conftest.c >&5
configure:4909: $? = 0
configure:4909: result: yes
configure:4909: checking for string.h
configure:4909: cc -c -g -O2 -I/usr/local/include conftest.c >&5
configure:4909: $? = 0
configure:4909: result: yes
configure:4909: checking for memory.h
configure:4909: cc -c -g -O2 -I/usr/local/include conftest.c >&5
configure:4909: $? = 0
configure:4909: result: yes
configure:4909: checking for strings.h
configure:4909: cc -c -g -O2 -I/usr/local/include conftest.c >&5
configure:4909: $? = 0
configure:4909: result: yes
configure:4909: checking for inttypes.h
configure:4909: cc -c -g -O2 -I/usr/local/include conftest.c >&5
configure:4909: $? = 0
configure:4909: result: yes
configure:4909: checking for stdint.h
configure:4909: cc -c -g -O2 -I/usr/local/include conftest.c >&5
configure:4909: $? = 0
configure:4909: result: yes
configure:4909: checking for unistd.h
configure:4909: cc -c -g -O2 -I/usr/local/include conftest.c >&5
configure:4909: $? = 0
configure:4909: result: yes
configure:4923: checking for stdlib.h
configure:4923: result: yes
configure:4933: checking for GNU libc compatible realloc
configure:4957: cc -o conftest -g -O2 -I/usr/local/include  conftest.c  >&5
configure:4957: $? = 0
configure:4957: ./conftest
configure:4957: $? = 0
configure:4967: result: yes
configure:5293: checking for C compiler version
configure:5302: cc --version >&5
FreeBSD clang version 6.0.1 (tags/RELEASE_601/final 335540) (based on LLVM 6.0.1)
Target: x86_64-unknown-freebsd12.0
Thread model: posix
InstalledDir: /usr/bin
configure:5313: $? = 0
configure:5302: cc -v >&5
FreeBSD clang version 6.0.1 (tags/RELEASE_601/final 335540) (based on LLVM 6.0.1)
Target: x86_64-unknown-freebsd12.0
Thread model: posix
InstalledDir: /usr/bin
configure:5313: $? = 0
configure:5302: cc -V >&5
cc: error: argument to '-V' is missing (expected 1 value)
cc: error: no input files
configure:5313: $? = 1
configure:5302: cc -qversion >&5
cc: error: unknown argument: '-qversion'
cc: error: no input files
configure:5313: $? = 1
configure:5317: checking whether we are using the GNU C compiler
configure:5345: result: yes
configure:5354: checking whether cc accepts -g
configure:5415: result: yes
configure:5432: checking for cc option to accept ISO C89
configure:5508: result: none needed
configure:5533: checking whether cc understands -c and -o together
configure:5570: result: yes
configure:5589: checking dependency style of cc
configure:5700: result: none
configure:5720: checking how to run the C preprocessor
configure:5790: result: cc -E
configure:5810: cc -E -I/usr/local/include conftest.c
configure:5810: $? = 0
configure:5824: cc -E -I/usr/local/include conftest.c
conftest.c:23:10: fatal error: 'ac_nonexistent.h' file not found
#include <ac_nonexistent.h>
         ^~~~~~~~~~~~~~~~~~
1 error generated.
configure:5824: $? = 1
configure: failed program was:
| /* confdefs.h */
| #define PACKAGE_NAME "msim"
| #define PACKAGE_TARNAME "msim"
| #define PACKAGE_VERSION "x1.3.8.5"
| #define PACKAGE_STRING "msim x1.3.8.5"
| #define PACKAGE_BUGREPORT ""
| #define PACKAGE_URL ""
| #define PACKAGE "msim"
| #define VERSION "x1.3.8.5"
| #define STDC_HEADERS 1
| #define HAVE_SYS_TYPES_H 1
| #define HAVE_SYS_STAT_H 1
| #define HAVE_STDLIB_H 1
| #define HAVE_STRING_H 1
| #define HAVE_MEMORY_H 1
| #define HAVE_STRINGS_H 1
| #define HAVE_INTTYPES_H 1
| #define HAVE_STDINT_H 1
| #define HAVE_UNISTD_H 1
| #define HAVE_STDLIB_H 1
| #define HAVE_REALLOC 1
| /* end confdefs.h.  */
| #include <ac_nonexistent.h>
configure:5964: checking for C++ compiler version
configure:5973: c++ --version >&5
FreeBSD clang version 6.0.1 (tags/RELEASE_601/final 335540) (based on LLVM 6.0.1)
Target: x86_64-unknown-freebsd12.0
Thread model: posix
InstalledDir: /usr/bin
configure:5984: $? = 0
configure:5973: c++ -v >&5
FreeBSD clang version 6.0.1 (tags/RELEASE_601/final 335540) (based on LLVM 6.0.1)
Target: x86_64-unknown-freebsd12.0
Thread model: posix
InstalledDir: /usr/bin
configure:5984: $? = 0
configure:5973: c++ -V >&5
c++: error: argument to '-V' is missing (expected 1 value)
c++: error: no input files
configure:5984: $? = 1
configure:5973: c++ -qversion >&5
c++: error: unknown argument: '-qversion'
c++: error: no input files
configure:5984: $? = 1
configure:5988: checking whether we are using the GNU C++ compiler
configure:6016: result: yes
configure:6025: checking whether c++ accepts -g
configure:6086: result: yes
configure:6111: checking dependency style of c++
configure:6222: result: none
configure:6547: checking for C compiler version
configure:6556: cc --version >&5
FreeBSD clang version 6.0.1 (tags/RELEASE_601/final 335540) (based on LLVM 6.0.1)
Target: x86_64-unknown-freebsd12.0
Thread model: posix
InstalledDir: /usr/bin
configure:6567: $? = 0
configure:6556: cc -v >&5
FreeBSD clang version 6.0.1 (tags/RELEASE_601/final 335540) (based on LLVM 6.0.1)
Target: x86_64-unknown-freebsd12.0
Thread model: posix
InstalledDir: /usr/bin
configure:6567: $? = 0
configure:6556: cc -V >&5
cc: error: argument to '-V' is missing (expected 1 value)
cc: error: no input files
configure:6567: $? = 1
configure:6556: cc -qversion >&5
cc: error: unknown argument: '-qversion'
cc: error: no input files
configure:6567: $? = 1
configure:6571: checking whether we are using the GNU C compiler
configure:6599: result: yes
configure:6608: checking whether cc accepts -g
configure:6669: result: yes
configure:6686: checking for cc option to accept ISO C89
configure:6762: result: none needed
configure:6787: checking whether cc understands -c and -o together
configure:6824: result: yes
configure:6843: checking dependency style of cc
configure:6954: result: none
configure:6975: checking for cp
configure:6991: found /bin/cp
configure:7003: result: cp
configure:7017: checking for mv
configure:7033: found /bin/mv
configure:7045: result: mv
configure:7059: checking for rm
configure:7075: found /bin/rm
configure:7087: result: rm
configure:7101: checking for diff
configure:7117: found /usr/bin/diff
configure:7129: result: diff
configure:7143: checking for makedepend
configure:7159: found /usr/local/bin/makedepend
configure:7171: result: makedepend
configure:7202: checking readline/readline.h usability
configure:7202: cc -c  -Wall -g -O3 -Wall -Wextra -Wno-unused-parameter -Wmissing-prototypes -I/usr/local/include conftest.c >&5
configure:7202: $? = 0
configure:7202: result: yes
configure:7202: checking readline/readline.h presence
configure:7202: cc -E -I/usr/local/include conftest.c
configure:7202: $? = 0
configure:7202: result: yes
configure:7202: checking for readline/readline.h
configure:7202: result: yes
configure:7202: checking readline/history.h usability
configure:7202: cc -c  -Wall -g -O3 -Wall -Wextra -Wno-unused-parameter -Wmissing-prototypes -I/usr/local/include conftest.c >&5
configure:7202: $? = 0
configure:7202: result: yes
configure:7202: checking readline/history.h presence
configure:7202: cc -E -I/usr/local/include conftest.c
configure:7202: $? = 0
configure:7202: result: yes
configure:7202: checking for readline/history.h
configure:7202: result: yes
configure:7214: checking for readline in -lreadline
configure:7239: cc -o conftest  -Wall -g -O3 -Wall -Wextra -Wno-unused-parameter -Wmissing-prototypes -I/usr/local/include  -L/lib -L/usr/local/lib -L/usr/lib  conftest.c -lreadline   >&5
configure:7239: $? = 0
configure:7248: result: yes
configure:7257: checking for main in -lwsock32
configure:7276: cc -o conftest  -Wall -g -O3 -Wall -Wextra -Wno-unused-parameter -Wmissing-prototypes -I/usr/local/include  -L/lib -L/usr/local/lib -L/usr/lib  conftest.c -lwsock32   >&5
conftest.c:29:1: warning: all paths through this function will call itself [-Winfinite-recursion]
{
^
1 warning generated.
/usr/bin/ld: error: unable to find library -lwsock32
cc: error: linker command failed with exit code 1 (use -v to see invocation)
configure:7276: $? = 1
configure: failed program was:
| /* confdefs.h */
| #define PACKAGE_NAME "msim"
| #define PACKAGE_TARNAME "msim"
| #define PACKAGE_VERSION "x1.3.8.5"
| #define PACKAGE_STRING "msim x1.3.8.5"
| #define PACKAGE_BUGREPORT ""
| #define PACKAGE_URL ""
| #define PACKAGE "msim"
| #define VERSION "x1.3.8.5"
| #define STDC_HEADERS 1
| #define HAVE_SYS_TYPES_H 1
| #define HAVE_SYS_STAT_H 1
| #define HAVE_STDLIB_H 1
| #define HAVE_STRING_H 1
| #define HAVE_MEMORY_H 1
| #define HAVE_STRINGS_H 1
| #define HAVE_INTTYPES_H 1
| #define HAVE_STDINT_H 1
| #define HAVE_UNISTD_H 1
| #define HAVE_STDLIB_H 1
| #define HAVE_REALLOC 1
| #define HAVE_READLINE_READLINE_H 1
| #define HAVE_READLINE_HISTORY_H 1
| /* end confdefs.h.  */
| 
| 
| int
| main ()
| {
| return main ();
|   ;
|   return 0;
| }
configure:7285: result: no
configure:7297: checking for ANSI C header files
configure:7401: result: yes
configure:7433: checking ctype.h usability
configure:7433: cc -c  -Wall -g -O3 -Wall -Wextra -Wno-unused-parameter -Wmissing-prototypes -I/usr/local/include conftest.c >&5
configure:7433: $? = 0
configure:7433: result: yes
configure:7433: checking ctype.h presence
configure:7433: cc -E -I/usr/local/include conftest.c
configure:7433: $? = 0
configure:7433: result: yes
configure:7433: checking for ctype.h
configure:7433: result: yes
configure:7433: checking errno.h usability
configure:7433: cc -c  -Wall -g -O3 -Wall -Wextra -Wno-unused-parameter -Wmissing-prototypes -I/usr/local/include conftest.c >&5
configure:7433: $? = 0
configure:7433: result: yes
configure:7433: checking errno.h presence
configure:7433: cc -E -I/usr/local/include conftest.c
configure:7433: $? = 0
configure:7433: result: yes
configure:7433: checking for errno.h
configure:7433: result: yes
configure:7433: checking fcntl.h usability
configure:7433: cc -c  -Wall -g -O3 -Wall -Wextra -Wno-unused-parameter -Wmissing-prototypes -I/usr/local/include conftest.c >&5
configure:7433: $? = 0
configure:7433: result: yes
configure:7433: checking fcntl.h presence
configure:7433: cc -E -I/usr/local/include conftest.c
configure:7433: $? = 0
configure:7433: result: yes
configure:7433: checking for fcntl.h
configure:7433: result: yes
configure:7433: checking getopt.h usability
configure:7433: cc -c  -Wall -g -O3 -Wall -Wextra -Wno-unused-parameter -Wmissing-prototypes -I/usr/local/include conftest.c >&5
configure:7433: $? = 0
configure:7433: result: yes
configure:7433: checking getopt.h presence
configure:7433: cc -E -I/usr/local/include conftest.c
configure:7433: $? = 0
configure:7433: result: yes
configure:7433: checking for getopt.h
configure:7433: result: yes
configure:7433: checking for inttypes.h
configure:7433: result: yes
configure:7433: checking for readline/history.h
configure:7433: result: yes
configure:7433: checking for readline/readline.h
configure:7433: result: yes
configure:7433: checking signal.h usability
configure:7433: cc -c  -Wall -g -O3 -Wall -Wextra -Wno-unused-parameter -Wmissing-prototypes -I/usr/local/include conftest.c >&5
configure:7433: $? = 0
configure:7433: result: yes
configure:7433: checking signal.h presence
configure:7433: cc -E -I/usr/local/include conftest.c
configure:7433: $? = 0
configure:7433: result: yes
configure:7433: checking for signal.h
configure:7433: result: yes
configure:7433: checking stdarg.h usability
configure:7433: cc -c  -Wall -g -O3 -Wall -Wextra -Wno-unused-parameter -Wmissing-prototypes -I/usr/local/include conftest.c >&5
configure:7433: $? = 0
configure:7433: result: yes
configure:7433: checking stdarg.h presence
configure:7433: cc -E -I/usr/local/include conftest.c
configure:7433: $? = 0
configure:7433: result: yes
configure:7433: checking for stdarg.h
configure:7433: result: yes
configure:7433: checking stdbool.h usability
configure:7433: cc -c  -Wall -g -O3 -Wall -Wextra -Wno-unused-parameter -Wmissing-prototypes -I/usr/local/include conftest.c >&5
configure:7433: $? = 0
configure:7433: result: yes
configure:7433: checking stdbool.h presence
configure:7433: cc -E -I/usr/local/include conftest.c
configure:7433: $? = 0
configure:7433: result: yes
configure:7433: checking for stdbool.h
configure:7433: result: yes
configure:7433: checking for stdint.h
configure:7433: result: yes
configure:7433: checking stdio.h usability
configure:7433: cc -c  -Wall -g -O3 -Wall -Wextra -Wno-unused-parameter -Wmissing-prototypes -I/usr/local/include conftest.c >&5
configure:7433: $? = 0
configure:7433: result: yes
configure:7433: checking stdio.h presence
configure:7433: cc -E -I/usr/local/include conftest.c
configure:7433: $? = 0
configure:7433: result: yes
configure:7433: checking for stdio.h
configure:7433: result: yes
configure:7433: checking for stdlib.h
configure:7433: result: yes
configure:7433: checking for string.h
configure:7433: result: yes
configure:7433: checking for sys/stat.h
configure:7433: result: yes
configure:7433: checking sys/time.h usability
configure:7433: cc -c  -Wall -g -O3 -Wall -Wextra -Wno-unused-parameter -Wmissing-prototypes -I/usr/local/include conftest.c >&5
configure:7433: $? = 0
configure:7433: result: yes
configure:7433: checking sys/time.h presence
configure:7433: cc -E -I/usr/local/include conftest.c
configure:7433: $? = 0
configure:7433: result: yes
configure:7433: checking for sys/time.h
configure:7433: result: yes
configure:7433: checking for sys/types.h
configure:7433: result: yes
configure:7433: checking time.h usability
configure:7433: cc -c  -Wall -g -O3 -Wall -Wextra -Wno-unused-parameter -Wmissing-prototypes -I/usr/local/include conftest.c >&5
configure:7433: $? = 0
configure:7433: result: yes
configure:7433: checking time.h presence
configure:7433: cc -E -I/usr/local/include conftest.c
configure:7433: $? = 0
configure:7433: result: yes
configure:7433: checking for time.h
configure:7433: result: yes
configure:7433: checking for unistd.h
configure:7433: result: yes
configure:7449: checking whether byte ordering is bigendian
configure:7464: cc -c  -Wall -g -O3 -Wall -Wextra -Wno-unused-parameter -Wmissing-prototypes -I/usr/local/include conftest.c >&5
conftest.c:46:9: error: unknown type name 'not'
               not a universal capable compiler
               ^
conftest.c:46:14: error: expected ';' after top level declarator
               not a universal capable compiler
                    ^
                    ;
2 errors generated.
configure:7464: $? = 1
configure: failed program was:
| /* confdefs.h */
| #define PACKAGE_NAME "msim"
| #define PACKAGE_TARNAME "msim"
| #define PACKAGE_VERSION "x1.3.8.5"
| #define PACKAGE_STRING "msim x1.3.8.5"
| #define PACKAGE_BUGREPORT ""
| #define PACKAGE_URL ""
| #define PACKAGE "msim"
| #define VERSION "x1.3.8.5"
| #define STDC_HEADERS 1
| #define HAVE_SYS_TYPES_H 1
| #define HAVE_SYS_STAT_H 1
| #define HAVE_STDLIB_H 1
| #define HAVE_STRING_H 1
| #define HAVE_MEMORY_H 1
| #define HAVE_STRINGS_H 1
| #define HAVE_INTTYPES_H 1
| #define HAVE_STDINT_H 1
| #define HAVE_UNISTD_H 1
| #define HAVE_STDLIB_H 1
| #define HAVE_REALLOC 1
| #define HAVE_READLINE_READLINE_H 1
| #define HAVE_READLINE_HISTORY_H 1
| #define STDC_HEADERS 1
| #define HAVE_CTYPE_H 1
| #define HAVE_ERRNO_H 1
| #define HAVE_FCNTL_H 1
| #define HAVE_GETOPT_H 1
| #define HAVE_INTTYPES_H 1
| #define HAVE_READLINE_HISTORY_H 1
| #define HAVE_READLINE_READLINE_H 1
| #define HAVE_SIGNAL_H 1
| #define HAVE_STDARG_H 1
| #define HAVE_STDBOOL_H 1
| #define HAVE_STDINT_H 1
| #define HAVE_STDIO_H 1
| #define HAVE_STDLIB_H 1
| #define HAVE_STRING_H 1
| #define HAVE_SYS_STAT_H 1
| #define HAVE_SYS_TIME_H 1
| #define HAVE_SYS_TYPES_H 1
| #define HAVE_TIME_H 1
| #define HAVE_UNISTD_H 1
| /* end confdefs.h.  */
| #ifndef __APPLE_CC__
| 	       not a universal capable compiler
| 	     #endif
| 	     typedef int dummy;
| 
configure:7509: cc -c  -Wall -g -O3 -Wall -Wextra -Wno-unused-parameter -Wmissing-prototypes -I/usr/local/include conftest.c >&5
configure:7509: $? = 0
configure:7527: cc -c  -Wall -g -O3 -Wall -Wextra -Wno-unused-parameter -Wmissing-prototypes -I/usr/local/include conftest.c >&5
conftest.c:52:4: error: use of undeclared identifier 'not'
                 not big endian
                 ^
1 error generated.
configure:7527: $? = 1
configure: failed program was:
| /* confdefs.h */
| #define PACKAGE_NAME "msim"
| #define PACKAGE_TARNAME "msim"
| #define PACKAGE_VERSION "x1.3.8.5"
| #define PACKAGE_STRING "msim x1.3.8.5"
| #define PACKAGE_BUGREPORT ""
| #define PACKAGE_URL ""
| #define PACKAGE "msim"
| #define VERSION "x1.3.8.5"
| #define STDC_HEADERS 1
| #define HAVE_SYS_TYPES_H 1
| #define HAVE_SYS_STAT_H 1
| #define HAVE_STDLIB_H 1
| #define HAVE_STRING_H 1
| #define HAVE_MEMORY_H 1
| #define HAVE_STRINGS_H 1
| #define HAVE_INTTYPES_H 1
| #define HAVE_STDINT_H 1
| #define HAVE_UNISTD_H 1
| #define HAVE_STDLIB_H 1
| #define HAVE_REALLOC 1
| #define HAVE_READLINE_READLINE_H 1
| #define HAVE_READLINE_HISTORY_H 1
| #define STDC_HEADERS 1
| #define HAVE_CTYPE_H 1
| #define HAVE_ERRNO_H 1
| #define HAVE_FCNTL_H 1
| #define HAVE_GETOPT_H 1
| #define HAVE_INTTYPES_H 1
| #define HAVE_READLINE_HISTORY_H 1
| #define HAVE_READLINE_READLINE_H 1
| #define HAVE_SIGNAL_H 1
| #define HAVE_STDARG_H 1
| #define HAVE_STDBOOL_H 1
| #define HAVE_STDINT_H 1
| #define HAVE_STDIO_H 1
| #define HAVE_STDLIB_H 1
| #define HAVE_STRING_H 1
| #define HAVE_SYS_STAT_H 1
| #define HAVE_SYS_TIME_H 1
| #define HAVE_SYS_TYPES_H 1
| #define HAVE_TIME_H 1
| #define HAVE_UNISTD_H 1
| /* end confdefs.h.  */
| #include <sys/types.h>
| 		#include <sys/param.h>
| 
| int
| main ()
| {
| #if BYTE_ORDER != BIG_ENDIAN
| 		 not big endian
| 		#endif
| 
|   ;
|   return 0;
| }
configure:7655: result: no
configure:7673: checking for an ANSI C-conforming const
configure:7739: cc -c  -Wall -g -O3 -Wall -Wextra -Wno-unused-parameter -Wmissing-prototypes -I/usr/local/include conftest.c >&5
configure:7739: $? = 0
configure:7746: result: yes
configure:7754: checking for size_t
configure:7754: cc -c  -Wall -g -O3 -Wall -Wextra -Wno-unused-parameter -Wmissing-prototypes -I/usr/local/include conftest.c >&5
configure:7754: $? = 0
configure:7754: cc -c  -Wall -g -O3 -Wall -Wextra -Wno-unused-parameter -Wmissing-prototypes -I/usr/local/include conftest.c >&5
conftest.c:81:21: error: expected expression
if (sizeof ((size_t)))
                    ^
1 error generated.
configure:7754: $? = 1
configure: failed program was:
| /* confdefs.h */
| #define PACKAGE_NAME "msim"
| #define PACKAGE_TARNAME "msim"
| #define PACKAGE_VERSION "x1.3.8.5"
| #define PACKAGE_STRING "msim x1.3.8.5"
| #define PACKAGE_BUGREPORT ""
| #define PACKAGE_URL ""
| #define PACKAGE "msim"
| #define VERSION "x1.3.8.5"
| #define STDC_HEADERS 1
| #define HAVE_SYS_TYPES_H 1
| #define HAVE_SYS_STAT_H 1
| #define HAVE_STDLIB_H 1
| #define HAVE_STRING_H 1
| #define HAVE_MEMORY_H 1
| #define HAVE_STRINGS_H 1
| #define HAVE_INTTYPES_H 1
| #define HAVE_STDINT_H 1
| #define HAVE_UNISTD_H 1
| #define HAVE_STDLIB_H 1
| #define HAVE_REALLOC 1
| #define HAVE_READLINE_READLINE_H 1
| #define HAVE_READLINE_HISTORY_H 1
| #define STDC_HEADERS 1
| #define HAVE_CTYPE_H 1
| #define HAVE_ERRNO_H 1
| #define HAVE_FCNTL_H 1
| #define HAVE_GETOPT_H 1
| #define HAVE_INTTYPES_H 1
| #define HAVE_READLINE_HISTORY_H 1
| #define HAVE_READLINE_READLINE_H 1
| #define HAVE_SIGNAL_H 1
| #define HAVE_STDARG_H 1
| #define HAVE_STDBOOL_H 1
| #define HAVE_STDINT_H 1
| #define HAVE_STDIO_H 1
| #define HAVE_STDLIB_H 1
| #define HAVE_STRING_H 1
| #define HAVE_SYS_STAT_H 1
| #define HAVE_SYS_TIME_H 1
| #define HAVE_SYS_TYPES_H 1
| #define HAVE_TIME_H 1
| #define HAVE_UNISTD_H 1
| /* end confdefs.h.  */
| #include <stdio.h>
| #ifdef HAVE_SYS_TYPES_H
| # include <sys/types.h>
| #endif
| #ifdef HAVE_SYS_STAT_H
| # include <sys/stat.h>
| #endif
| #ifdef STDC_HEADERS
| # include <stdlib.h>
| # include <stddef.h>
| #else
| # ifdef HAVE_STDLIB_H
| #  include <stdlib.h>
| # endif
| #endif
| #ifdef HAVE_STRING_H
| # if !defined STDC_HEADERS && defined HAVE_MEMORY_H
| #  include <memory.h>
| # endif
| # include <string.h>
| #endif
| #ifdef HAVE_STRINGS_H
| # include <strings.h>
| #endif
| #ifdef HAVE_INTTYPES_H
| # include <inttypes.h>
| #endif
| #ifdef HAVE_STDINT_H
| # include <stdint.h>
| #endif
| #ifdef HAVE_UNISTD_H
| # include <unistd.h>
| #endif
| int
| main ()
| {
| if (sizeof ((size_t)))
| 	    return 0;
|   ;
|   return 0;
| }
configure:7754: result: yes
configure:7768: checking for getopt_long
configure:7768: cc -o conftest  -Wall -g -O3 -Wall -Wextra -Wno-unused-parameter -Wmissing-prototypes -I/usr/local/include  -L/lib -L/usr/local/lib -L/usr/lib  conftest.c  >&5
configure:7768: $? = 0
configure:7768: result: yes
configure:7784: checking for gettimeofday
configure:7784: cc -o conftest  -Wall -g -O3 -Wall -Wextra -Wno-unused-parameter -Wmissing-prototypes -I/usr/local/include  -L/lib -L/usr/local/lib -L/usr/lib  conftest.c  >&5
configure:7784: $? = 0
configure:7784: result: yes
configure:7795: checking for memset
configure:7795: cc -o conftest  -Wall -g -O3 -Wall -Wextra -Wno-unused-parameter -Wmissing-prototypes -I/usr/local/include  -L/lib -L/usr/local/lib -L/usr/lib  conftest.c  >&5
conftest.c:70:6: warning: incompatible redeclaration of library function 'memset' [-Wincompatible-library-redeclaration]
char memset ();
     ^
conftest.c:70:6: note: 'memset' is a builtin with type 'void *(void *, int, unsigned long)'
1 warning generated.
configure:7795: $? = 0
configure:7795: result: yes
configure:7806: checking for munmap
configure:7806: cc -o conftest  -Wall -g -O3 -Wall -Wextra -Wno-unused-parameter -Wmissing-prototypes -I/usr/local/include  -L/lib -L/usr/local/lib -L/usr/lib  conftest.c  >&5
configure:7806: $? = 0
configure:7806: result: yes
configure:7817: checking for select
configure:7817: cc -o conftest  -Wall -g -O3 -Wall -Wextra -Wno-unused-parameter -Wmissing-prototypes -I/usr/local/include  -L/lib -L/usr/local/lib -L/usr/lib  conftest.c  >&5
configure:7817: $? = 0
configure:7817: result: yes
configure:7828: checking for socket
configure:7828: cc -o conftest  -Wall -g -O3 -Wall -Wextra -Wno-unused-parameter -Wmissing-prototypes -I/usr/local/include  -L/lib -L/usr/local/lib -L/usr/lib  conftest.c  >&5
configure:7828: $? = 0
configure:7828: result: yes
configure:7839: checking for strchr
configure:7839: cc -o conftest  -Wall -g -O3 -Wall -Wextra -Wno-unused-parameter -Wmissing-prototypes -I/usr/local/include  -L/lib -L/usr/local/lib -L/usr/lib  conftest.c  >&5
conftest.c:74:6: warning: incompatible redeclaration of library function 'strchr' [-Wincompatible-library-redeclaration]
char strchr ();
     ^
conftest.c:74:6: note: 'strchr' is a builtin with type 'char *(const char *, int)'
1 warning generated.
configure:7839: $? = 0
configure:7839: result: yes
configure:7850: checking for strdup
configure:7850: cc -o conftest  -Wall -g -O3 -Wall -Wextra -Wno-unused-parameter -Wmissing-prototypes -I/usr/local/include  -L/lib -L/usr/local/lib -L/usr/lib  conftest.c  >&5
conftest.c:75:6: warning: incompatible redeclaration of library function 'strdup' [-Wincompatible-library-redeclaration]
char strdup ();
     ^
conftest.c:75:6: note: 'strdup' is a builtin with type 'char *(const char *)'
1 warning generated.
configure:7850: $? = 0
configure:7850: result: yes
configure:7861: checking for strerror
configure:7861: cc -o conftest  -Wall -g -O3 -Wall -Wextra -Wno-unused-parameter -Wmissing-prototypes -I/usr/local/include  -L/lib -L/usr/local/lib -L/usr/lib  conftest.c  >&5
conftest.c:76:6: warning: incompatible redeclaration of library function 'strerror' [-Wincompatible-library-redeclaration]
char strerror ();
     ^
conftest.c:76:6: note: 'strerror' is a builtin with type 'char *(int)'
1 warning generated.
configure:7861: $? = 0
configure:7861: result: yes
configure:7872: checking for strtol
configure:7872: cc -o conftest  -Wall -g -O3 -Wall -Wextra -Wno-unused-parameter -Wmissing-prototypes -I/usr/local/include  -L/lib -L/usr/local/lib -L/usr/lib  conftest.c  >&5
configure:7872: $? = 0
configure:7872: result: yes
configure:7883: checking netinet/in.h usability
configure:7883: cc -c  -Wall -g -O3 -Wall -Wextra -Wno-unused-parameter -Wmissing-prototypes -I/usr/local/include conftest.c >&5
configure:7883: $? = 0
configure:7883: result: yes
configure:7883: checking netinet/in.h presence
configure:7883: cc -E -I/usr/local/include conftest.c
configure:7883: $? = 0
configure:7883: result: yes
configure:7883: checking for netinet/in.h
configure:7883: result: yes
configure:7896: checking stddef.h usability
configure:7896: cc -c  -Wall -g -O3 -Wall -Wextra -Wno-unused-parameter -Wmissing-prototypes -I/usr/local/include conftest.c >&5
configure:7896: $? = 0
configure:7896: result: yes
configure:7896: checking stddef.h presence
configure:7896: cc -E -I/usr/local/include conftest.c
configure:7896: $? = 0
configure:7896: result: yes
configure:7896: checking for stddef.h
configure:7896: result: yes
configure:7908: checking sys/socket.h usability
configure:7908: cc -c  -Wall -g -O3 -Wall -Wextra -Wno-unused-parameter -Wmissing-prototypes -I/usr/local/include conftest.c >&5
configure:7908: $? = 0
configure:7908: result: yes
configure:7908: checking sys/socket.h presence
configure:7908: cc -E -I/usr/local/include conftest.c
configure:7908: $? = 0
configure:7908: result: yes
configure:7908: checking for sys/socket.h
configure:7908: result: yes
configure:7920: checking termios.h usability
configure:7920: cc -c  -Wall -g -O3 -Wall -Wextra -Wno-unused-parameter -Wmissing-prototypes -I/usr/local/include conftest.c >&5
configure:7920: $? = 0
configure:7920: result: yes
configure:7920: checking termios.h presence
configure:7920: cc -E -I/usr/local/include conftest.c
configure:7920: $? = 0
configure:7920: result: yes
configure:7920: checking for termios.h
configure:7920: result: yes
configure:7930: checking for stdbool.h that conforms to C99
configure:8004: result: yes
configure:8006: checking for _Bool
configure:8006: cc -c  -Wall -g -O3 -Wall -Wextra -Wno-unused-parameter -Wmissing-prototypes -I/usr/local/include conftest.c >&5
configure:8006: $? = 0
configure:8006: cc -c  -Wall -g -O3 -Wall -Wextra -Wno-unused-parameter -Wmissing-prototypes -I/usr/local/include conftest.c >&5
conftest.c:95:20: error: expected expression
if (sizeof ((_Bool)))
                   ^
1 error generated.
configure:8006: $? = 1
configure: failed program was:
| /* confdefs.h */
| #define PACKAGE_NAME "msim"
| #define PACKAGE_TARNAME "msim"
| #define PACKAGE_VERSION "x1.3.8.5"
| #define PACKAGE_STRING "msim x1.3.8.5"
| #define PACKAGE_BUGREPORT ""
| #define PACKAGE_URL ""
| #define PACKAGE "msim"
| #define VERSION "x1.3.8.5"
| #define STDC_HEADERS 1
| #define HAVE_SYS_TYPES_H 1
| #define HAVE_SYS_STAT_H 1
| #define HAVE_STDLIB_H 1
| #define HAVE_STRING_H 1
| #define HAVE_MEMORY_H 1
| #define HAVE_STRINGS_H 1
| #define HAVE_INTTYPES_H 1
| #define HAVE_STDINT_H 1
| #define HAVE_UNISTD_H 1
| #define HAVE_STDLIB_H 1
| #define HAVE_REALLOC 1
| #define HAVE_READLINE_READLINE_H 1
| #define HAVE_READLINE_HISTORY_H 1
| #define STDC_HEADERS 1
| #define HAVE_CTYPE_H 1
| #define HAVE_ERRNO_H 1
| #define HAVE_FCNTL_H 1
| #define HAVE_GETOPT_H 1
| #define HAVE_INTTYPES_H 1
| #define HAVE_READLINE_HISTORY_H 1
| #define HAVE_READLINE_READLINE_H 1
| #define HAVE_SIGNAL_H 1
| #define HAVE_STDARG_H 1
| #define HAVE_STDBOOL_H 1
| #define HAVE_STDINT_H 1
| #define HAVE_STDIO_H 1
| #define HAVE_STDLIB_H 1
| #define HAVE_STRING_H 1
| #define HAVE_SYS_STAT_H 1
| #define HAVE_SYS_TIME_H 1
| #define HAVE_SYS_TYPES_H 1
| #define HAVE_TIME_H 1
| #define HAVE_UNISTD_H 1
| #define HAVE_GETOPT_LONG 1
| #define HAVE_GETTIMEOFDAY 1
| #define HAVE_MEMSET 1
| #define HAVE_MUNMAP 1
| #define HAVE_SELECT 1
| #define HAVE_SOCKET 1
| #define HAVE_STRCHR 1
| #define HAVE_STRDUP 1
| #define HAVE_STRERROR 1
| #define HAVE_STRTOL 1
| #define HAVE_NETINET_IN_H 1
| #define HAVE_STDDEF_H 1
| #define HAVE_SYS_SOCKET_H 1
| #define HAVE_TERMIOS_H 1
| /* end confdefs.h.  */
| #include <stdio.h>
| #ifdef HAVE_SYS_TYPES_H
| # include <sys/types.h>
| #endif
| #ifdef HAVE_SYS_STAT_H
| # include <sys/stat.h>
| #endif
| #ifdef STDC_HEADERS
| # include <stdlib.h>
| # include <stddef.h>
| #else
| # ifdef HAVE_STDLIB_H
| #  include <stdlib.h>
| # endif
| #endif
| #ifdef HAVE_STRING_H
| # if !defined STDC_HEADERS && defined HAVE_MEMORY_H
| #  include <memory.h>
| # endif
| # include <string.h>
| #endif
| #ifdef HAVE_STRINGS_H
| # include <strings.h>
| #endif
| #ifdef HAVE_INTTYPES_H
| # include <inttypes.h>
| #endif
| #ifdef HAVE_STDINT_H
| # include <stdint.h>
| #endif
| #ifdef HAVE_UNISTD_H
| # include <unistd.h>
| #endif
| int
| main ()
| {
| if (sizeof ((_Bool)))
| 	    return 0;
|   ;
|   return 0;
| }
configure:8006: result: yes
configure:8017: checking for inline
configure:8033: cc -c  -Wall -g -O3 -Wall -Wextra -Wno-unused-parameter -Wmissing-prototypes -I/usr/local/include conftest.c >&5
conftest.c:62:21: warning: unused function 'static_foo' [-Wunused-function]
static inline foo_t static_foo () {return 0; }
                    ^
1 warning generated.
configure:8033: $? = 0
configure:8041: result: inline
configure:8059: checking for error_at_line
configure:8075: cc -o conftest  -Wall -g -O3 -Wall -Wextra -Wno-unused-parameter -Wmissing-prototypes -I/usr/local/include  -L/lib -L/usr/local/lib -L/usr/lib  conftest.c  >&5
conftest.c:60:10: fatal error: 'error.h' file not found
#include <error.h>
         ^~~~~~~~~
1 error generated.
configure:8075: $? = 1
configure: failed program was:
| /* confdefs.h */
| #define PACKAGE_NAME "msim"
| #define PACKAGE_TARNAME "msim"
| #define PACKAGE_VERSION "x1.3.8.5"
| #define PACKAGE_STRING "msim x1.3.8.5"
| #define PACKAGE_BUGREPORT ""
| #define PACKAGE_URL ""
| #define PACKAGE "msim"
| #define VERSION "x1.3.8.5"
| #define STDC_HEADERS 1
| #define HAVE_SYS_TYPES_H 1
| #define HAVE_SYS_STAT_H 1
| #define HAVE_STDLIB_H 1
| #define HAVE_STRING_H 1
| #define HAVE_MEMORY_H 1
| #define HAVE_STRINGS_H 1
| #define HAVE_INTTYPES_H 1
| #define HAVE_STDINT_H 1
| #define HAVE_UNISTD_H 1
| #define HAVE_STDLIB_H 1
| #define HAVE_REALLOC 1
| #define HAVE_READLINE_READLINE_H 1
| #define HAVE_READLINE_HISTORY_H 1
| #define STDC_HEADERS 1
| #define HAVE_CTYPE_H 1
| #define HAVE_ERRNO_H 1
| #define HAVE_FCNTL_H 1
| #define HAVE_GETOPT_H 1
| #define HAVE_INTTYPES_H 1
| #define HAVE_READLINE_HISTORY_H 1
| #define HAVE_READLINE_READLINE_H 1
| #define HAVE_SIGNAL_H 1
| #define HAVE_STDARG_H 1
| #define HAVE_STDBOOL_H 1
| #define HAVE_STDINT_H 1
| #define HAVE_STDIO_H 1
| #define HAVE_STDLIB_H 1
| #define HAVE_STRING_H 1
| #define HAVE_SYS_STAT_H 1
| #define HAVE_SYS_TIME_H 1
| #define HAVE_SYS_TYPES_H 1
| #define HAVE_TIME_H 1
| #define HAVE_UNISTD_H 1
| #define HAVE_GETOPT_LONG 1
| #define HAVE_GETTIMEOFDAY 1
| #define HAVE_MEMSET 1
| #define HAVE_MUNMAP 1
| #define HAVE_SELECT 1
| #define HAVE_SOCKET 1
| #define HAVE_STRCHR 1
| #define HAVE_STRDUP 1
| #define HAVE_STRERROR 1
| #define HAVE_STRTOL 1
| #define HAVE_NETINET_IN_H 1
| #define HAVE_STDDEF_H 1
| #define HAVE_SYS_SOCKET_H 1
| #define HAVE_TERMIOS_H 1
| #define HAVE__BOOL 1
| /* end confdefs.h.  */
| #include <error.h>
| int
| main ()
| {
| error_at_line (0, 0, "", 0, "an error occurred");
|   ;
|   return 0;
| }
configure:8083: result: no
configure:8096: checking for stdlib.h
configure:8096: result: yes
configure:8106: checking for GNU libc compatible malloc
configure:8130: cc -o conftest  -Wall -g -O3 -Wall -Wextra -Wno-unused-parameter -Wmissing-prototypes -I/usr/local/include  -L/lib -L/usr/local/lib -L/usr/lib  conftest.c  >&5
configure:8130: $? = 0
configure:8130: ./conftest
configure:8130: $? = 0
configure:8140: result: yes
configure:8167: checking for stdlib.h
configure:8167: result: yes
configure:8167: checking for unistd.h
configure:8167: result: yes
configure:8167: checking for sys/param.h
configure:8167: cc -c  -Wall -g -O3 -Wall -Wextra -Wno-unused-parameter -Wmissing-prototypes -I/usr/local/include conftest.c >&5
configure:8167: $? = 0
configure:8167: result: yes
configure:8187: checking for getpagesize
configure:8187: cc -o conftest  -Wall -g -O3 -Wall -Wextra -Wno-unused-parameter -Wmissing-prototypes -I/usr/local/include  -L/lib -L/usr/local/lib -L/usr/lib  conftest.c  >&5
configure:8187: $? = 0
configure:8187: result: yes
configure:8196: checking for working mmap
configure:8343: cc -o conftest  -Wall -g -O3 -Wall -Wextra -Wno-unused-parameter -Wmissing-prototypes -I/usr/local/include  -L/lib -L/usr/local/lib -L/usr/lib  conftest.c  >&5
configure:8343: $? = 0
configure:8343: ./conftest
configure:8343: $? = 0
configure:8353: result: yes
configure:8362: checking for int16_t
configure:8362: cc -c  -Wall -g -O3 -Wall -Wextra -Wno-unused-parameter -Wmissing-prototypes -I/usr/local/include conftest.c >&5
configure:8362: $? = 0
configure:8362: cc -c  -Wall -g -O3 -Wall -Wextra -Wno-unused-parameter -Wmissing-prototypes -I/usr/local/include conftest.c >&5
conftest.c:104:24: error: 'test_array' declared as an array with a negative size
static int test_array [1 - 2 * !((int16_t) (((((int16_t) 1 << N) << N) - 1) * 2 + 1)
                       ^~~~~~~~~~~~~~~~~~~~~~~~~~~~~~~~~~~~~~~~~~~~~~~~~~~~~~~~~~~~~
1 error generated.
configure:8362: $? = 1
configure: failed program was:
| /* confdefs.h */
| #define PACKAGE_NAME "msim"
| #define PACKAGE_TARNAME "msim"
| #define PACKAGE_VERSION "x1.3.8.5"
| #define PACKAGE_STRING "msim x1.3.8.5"
| #define PACKAGE_BUGREPORT ""
| #define PACKAGE_URL ""
| #define PACKAGE "msim"
| #define VERSION "x1.3.8.5"
| #define STDC_HEADERS 1
| #define HAVE_SYS_TYPES_H 1
| #define HAVE_SYS_STAT_H 1
| #define HAVE_STDLIB_H 1
| #define HAVE_STRING_H 1
| #define HAVE_MEMORY_H 1
| #define HAVE_STRINGS_H 1
| #define HAVE_INTTYPES_H 1
| #define HAVE_STDINT_H 1
| #define HAVE_UNISTD_H 1
| #define HAVE_STDLIB_H 1
| #define HAVE_REALLOC 1
| #define HAVE_READLINE_READLINE_H 1
| #define HAVE_READLINE_HISTORY_H 1
| #define STDC_HEADERS 1
| #define HAVE_CTYPE_H 1
| #define HAVE_ERRNO_H 1
| #define HAVE_FCNTL_H 1
| #define HAVE_GETOPT_H 1
| #define HAVE_INTTYPES_H 1
| #define HAVE_READLINE_HISTORY_H 1
| #define HAVE_READLINE_READLINE_H 1
| #define HAVE_SIGNAL_H 1
| #define HAVE_STDARG_H 1
| #define HAVE_STDBOOL_H 1
| #define HAVE_STDINT_H 1
| #define HAVE_STDIO_H 1
| #define HAVE_STDLIB_H 1
| #define HAVE_STRING_H 1
| #define HAVE_SYS_STAT_H 1
| #define HAVE_SYS_TIME_H 1
| #define HAVE_SYS_TYPES_H 1
| #define HAVE_TIME_H 1
| #define HAVE_UNISTD_H 1
| #define HAVE_GETOPT_LONG 1
| #define HAVE_GETTIMEOFDAY 1
| #define HAVE_MEMSET 1
| #define HAVE_MUNMAP 1
| #define HAVE_SELECT 1
| #define HAVE_SOCKET 1
| #define HAVE_STRCHR 1
| #define HAVE_STRDUP 1
| #define HAVE_STRERROR 1
| #define HAVE_STRTOL 1
| #define HAVE_NETINET_IN_H 1
| #define HAVE_STDDEF_H 1
| #define HAVE_SYS_SOCKET_H 1
| #define HAVE_TERMIOS_H 1
| #define HAVE__BOOL 1
| #define HAVE_STDLIB_H 1
| #define HAVE_MALLOC 1
| #define HAVE_STDLIB_H 1
| #define HAVE_UNISTD_H 1
| #define HAVE_SYS_PARAM_H 1
| #define HAVE_GETPAGESIZE 1
| #define HAVE_MMAP 1
| /* end confdefs.h.  */
| #include <stdio.h>
| #ifdef HAVE_SYS_TYPES_H
| # include <sys/types.h>
| #endif
| #ifdef HAVE_SYS_STAT_H
| # include <sys/stat.h>
| #endif
| #ifdef STDC_HEADERS
| # include <stdlib.h>
| # include <stddef.h>
| #else
| # ifdef HAVE_STDLIB_H
| #  include <stdlib.h>
| # endif
| #endif
| #ifdef HAVE_STRING_H
| # if !defined STDC_HEADERS && defined HAVE_MEMORY_H
| #  include <memory.h>
| # endif
| # include <string.h>
| #endif
| #ifdef HAVE_STRINGS_H
| # include <strings.h>
| #endif
| #ifdef HAVE_INTTYPES_H
| # include <inttypes.h>
| #endif
| #ifdef HAVE_STDINT_H
| # include <stdint.h>
| #endif
| #ifdef HAVE_UNISTD_H
| # include <unistd.h>
| #endif
| 	        enum { N = 16 / 2 - 1 };
| int
| main ()
| {
| static int test_array [1 - 2 * !((int16_t) (((((int16_t) 1 << N) << N) - 1) * 2 + 1)
| 		 < (int16_t) (((((int16_t) 1 << N) << N) - 1) * 2 + 2))];
| test_array [0] = 0;
| return test_array [0];
| 
|   ;
|   return 0;
| }
configure:8362: result: yes
configure:8373: checking for int32_t
configure:8373: cc -c  -Wall -g -O3 -Wall -Wextra -Wno-unused-parameter -Wmissing-prototypes -I/usr/local/include conftest.c >&5
configure:8373: $? = 0
configure:8373: cc -c  -Wall -g -O3 -Wall -Wextra -Wno-unused-parameter -Wmissing-prototypes -I/usr/local/include conftest.c >&5
conftest.c:104:24: error: 'test_array' declared as an array with a negative size
static int test_array [1 - 2 * !((int32_t) (((((int32_t) 1 << N) << N) - 1) * 2 + 1)
                       ^~~~~~~~~~~~~~~~~~~~~~~~~~~~~~~~~~~~~~~~~~~~~~~~~~~~~~~~~~~~~
1 error generated.
configure:8373: $? = 1
configure: failed program was:
| /* confdefs.h */
| #define PACKAGE_NAME "msim"
| #define PACKAGE_TARNAME "msim"
| #define PACKAGE_VERSION "x1.3.8.5"
| #define PACKAGE_STRING "msim x1.3.8.5"
| #define PACKAGE_BUGREPORT ""
| #define PACKAGE_URL ""
| #define PACKAGE "msim"
| #define VERSION "x1.3.8.5"
| #define STDC_HEADERS 1
| #define HAVE_SYS_TYPES_H 1
| #define HAVE_SYS_STAT_H 1
| #define HAVE_STDLIB_H 1
| #define HAVE_STRING_H 1
| #define HAVE_MEMORY_H 1
| #define HAVE_STRINGS_H 1
| #define HAVE_INTTYPES_H 1
| #define HAVE_STDINT_H 1
| #define HAVE_UNISTD_H 1
| #define HAVE_STDLIB_H 1
| #define HAVE_REALLOC 1
| #define HAVE_READLINE_READLINE_H 1
| #define HAVE_READLINE_HISTORY_H 1
| #define STDC_HEADERS 1
| #define HAVE_CTYPE_H 1
| #define HAVE_ERRNO_H 1
| #define HAVE_FCNTL_H 1
| #define HAVE_GETOPT_H 1
| #define HAVE_INTTYPES_H 1
| #define HAVE_READLINE_HISTORY_H 1
| #define HAVE_READLINE_READLINE_H 1
| #define HAVE_SIGNAL_H 1
| #define HAVE_STDARG_H 1
| #define HAVE_STDBOOL_H 1
| #define HAVE_STDINT_H 1
| #define HAVE_STDIO_H 1
| #define HAVE_STDLIB_H 1
| #define HAVE_STRING_H 1
| #define HAVE_SYS_STAT_H 1
| #define HAVE_SYS_TIME_H 1
| #define HAVE_SYS_TYPES_H 1
| #define HAVE_TIME_H 1
| #define HAVE_UNISTD_H 1
| #define HAVE_GETOPT_LONG 1
| #define HAVE_GETTIMEOFDAY 1
| #define HAVE_MEMSET 1
| #define HAVE_MUNMAP 1
| #define HAVE_SELECT 1
| #define HAVE_SOCKET 1
| #define HAVE_STRCHR 1
| #define HAVE_STRDUP 1
| #define HAVE_STRERROR 1
| #define HAVE_STRTOL 1
| #define HAVE_NETINET_IN_H 1
| #define HAVE_STDDEF_H 1
| #define HAVE_SYS_SOCKET_H 1
| #define HAVE_TERMIOS_H 1
| #define HAVE__BOOL 1
| #define HAVE_STDLIB_H 1
| #define HAVE_MALLOC 1
| #define HAVE_STDLIB_H 1
| #define HAVE_UNISTD_H 1
| #define HAVE_SYS_PARAM_H 1
| #define HAVE_GETPAGESIZE 1
| #define HAVE_MMAP 1
| /* end confdefs.h.  */
| #include <stdio.h>
| #ifdef HAVE_SYS_TYPES_H
| # include <sys/types.h>
| #endif
| #ifdef HAVE_SYS_STAT_H
| # include <sys/stat.h>
| #endif
| #ifdef STDC_HEADERS
| # include <stdlib.h>
| # include <stddef.h>
| #else
| # ifdef HAVE_STDLIB_H
| #  include <stdlib.h>
| # endif
| #endif
| #ifdef HAVE_STRING_H
| # if !defined STDC_HEADERS && defined HAVE_MEMORY_H
| #  include <memory.h>
| # endif
| # include <string.h>
| #endif
| #ifdef HAVE_STRINGS_H
| # include <strings.h>
| #endif
| #ifdef HAVE_INTTYPES_H
| # include <inttypes.h>
| #endif
| #ifdef HAVE_STDINT_H
| # include <stdint.h>
| #endif
| #ifdef HAVE_UNISTD_H
| # include <unistd.h>
| #endif
| 	        enum { N = 32 / 2 - 1 };
| int
| main ()
| {
| static int test_array [1 - 2 * !((int32_t) (((((int32_t) 1 << N) << N) - 1) * 2 + 1)
| 		 < (int32_t) (((((int32_t) 1 << N) << N) - 1) * 2 + 2))];
| test_array [0] = 0;
| return test_array [0];
| 
|   ;
|   return 0;
| }
configure:8373: result: yes
configure:8384: checking for int64_t
configure:8384: cc -c  -Wall -g -O3 -Wall -Wextra -Wno-unused-parameter -Wmissing-prototypes -I/usr/local/include conftest.c >&5
configure:8384: $? = 0
configure:8384: cc -c  -Wall -g -O3 -Wall -Wextra -Wno-unused-parameter -Wmissing-prototypes -I/usr/local/include conftest.c >&5
conftest.c:104:24: error: 'test_array' declared as an array with a negative size
static int test_array [1 - 2 * !((int64_t) (((((int64_t) 1 << N) << N) - 1) * 2 + 1)
                       ^~~~~~~~~~~~~~~~~~~~~~~~~~~~~~~~~~~~~~~~~~~~~~~~~~~~~~~~~~~~~
1 error generated.
configure:8384: $? = 1
configure: failed program was:
| /* confdefs.h */
| #define PACKAGE_NAME "msim"
| #define PACKAGE_TARNAME "msim"
| #define PACKAGE_VERSION "x1.3.8.5"
| #define PACKAGE_STRING "msim x1.3.8.5"
| #define PACKAGE_BUGREPORT ""
| #define PACKAGE_URL ""
| #define PACKAGE "msim"
| #define VERSION "x1.3.8.5"
| #define STDC_HEADERS 1
| #define HAVE_SYS_TYPES_H 1
| #define HAVE_SYS_STAT_H 1
| #define HAVE_STDLIB_H 1
| #define HAVE_STRING_H 1
| #define HAVE_MEMORY_H 1
| #define HAVE_STRINGS_H 1
| #define HAVE_INTTYPES_H 1
| #define HAVE_STDINT_H 1
| #define HAVE_UNISTD_H 1
| #define HAVE_STDLIB_H 1
| #define HAVE_REALLOC 1
| #define HAVE_READLINE_READLINE_H 1
| #define HAVE_READLINE_HISTORY_H 1
| #define STDC_HEADERS 1
| #define HAVE_CTYPE_H 1
| #define HAVE_ERRNO_H 1
| #define HAVE_FCNTL_H 1
| #define HAVE_GETOPT_H 1
| #define HAVE_INTTYPES_H 1
| #define HAVE_READLINE_HISTORY_H 1
| #define HAVE_READLINE_READLINE_H 1
| #define HAVE_SIGNAL_H 1
| #define HAVE_STDARG_H 1
| #define HAVE_STDBOOL_H 1
| #define HAVE_STDINT_H 1
| #define HAVE_STDIO_H 1
| #define HAVE_STDLIB_H 1
| #define HAVE_STRING_H 1
| #define HAVE_SYS_STAT_H 1
| #define HAVE_SYS_TIME_H 1
| #define HAVE_SYS_TYPES_H 1
| #define HAVE_TIME_H 1
| #define HAVE_UNISTD_H 1
| #define HAVE_GETOPT_LONG 1
| #define HAVE_GETTIMEOFDAY 1
| #define HAVE_MEMSET 1
| #define HAVE_MUNMAP 1
| #define HAVE_SELECT 1
| #define HAVE_SOCKET 1
| #define HAVE_STRCHR 1
| #define HAVE_STRDUP 1
| #define HAVE_STRERROR 1
| #define HAVE_STRTOL 1
| #define HAVE_NETINET_IN_H 1
| #define HAVE_STDDEF_H 1
| #define HAVE_SYS_SOCKET_H 1
| #define HAVE_TERMIOS_H 1
| #define HAVE__BOOL 1
| #define HAVE_STDLIB_H 1
| #define HAVE_MALLOC 1
| #define HAVE_STDLIB_H 1
| #define HAVE_UNISTD_H 1
| #define HAVE_SYS_PARAM_H 1
| #define HAVE_GETPAGESIZE 1
| #define HAVE_MMAP 1
| /* end confdefs.h.  */
| #include <stdio.h>
| #ifdef HAVE_SYS_TYPES_H
| # include <sys/types.h>
| #endif
| #ifdef HAVE_SYS_STAT_H
| # include <sys/stat.h>
| #endif
| #ifdef STDC_HEADERS
| # include <stdlib.h>
| # include <stddef.h>
| #else
| # ifdef HAVE_STDLIB_H
| #  include <stdlib.h>
| # endif
| #endif
| #ifdef HAVE_STRING_H
| # if !defined STDC_HEADERS && defined HAVE_MEMORY_H
| #  include <memory.h>
| # endif
| # include <string.h>
| #endif
| #ifdef HAVE_STRINGS_H
| # include <strings.h>
| #endif
| #ifdef HAVE_INTTYPES_H
| # include <inttypes.h>
| #endif
| #ifdef HAVE_STDINT_H
| # include <stdint.h>
| #endif
| #ifdef HAVE_UNISTD_H
| # include <unistd.h>
| #endif
| 	        enum { N = 64 / 2 - 1 };
| int
| main ()
| {
| static int test_array [1 - 2 * !((int64_t) (((((int64_t) 1 << N) << N) - 1) * 2 + 1)
| 		 < (int64_t) (((((int64_t) 1 << N) << N) - 1) * 2 + 2))];
| test_array [0] = 0;
| return test_array [0];
| 
|   ;
|   return 0;
| }
configure:8384: result: yes
configure:8395: checking for off_t
configure:8395: cc -c  -Wall -g -O3 -Wall -Wextra -Wno-unused-parameter -Wmissing-prototypes -I/usr/local/include conftest.c >&5
configure:8395: $? = 0
configure:8395: cc -c  -Wall -g -O3 -Wall -Wextra -Wno-unused-parameter -Wmissing-prototypes -I/usr/local/include conftest.c >&5
conftest.c:103:20: error: expected expression
if (sizeof ((off_t)))
                   ^
1 error generated.
configure:8395: $? = 1
configure: failed program was:
| /* confdefs.h */
| #define PACKAGE_NAME "msim"
| #define PACKAGE_TARNAME "msim"
| #define PACKAGE_VERSION "x1.3.8.5"
| #define PACKAGE_STRING "msim x1.3.8.5"
| #define PACKAGE_BUGREPORT ""
| #define PACKAGE_URL ""
| #define PACKAGE "msim"
| #define VERSION "x1.3.8.5"
| #define STDC_HEADERS 1
| #define HAVE_SYS_TYPES_H 1
| #define HAVE_SYS_STAT_H 1
| #define HAVE_STDLIB_H 1
| #define HAVE_STRING_H 1
| #define HAVE_MEMORY_H 1
| #define HAVE_STRINGS_H 1
| #define HAVE_INTTYPES_H 1
| #define HAVE_STDINT_H 1
| #define HAVE_UNISTD_H 1
| #define HAVE_STDLIB_H 1
| #define HAVE_REALLOC 1
| #define HAVE_READLINE_READLINE_H 1
| #define HAVE_READLINE_HISTORY_H 1
| #define STDC_HEADERS 1
| #define HAVE_CTYPE_H 1
| #define HAVE_ERRNO_H 1
| #define HAVE_FCNTL_H 1
| #define HAVE_GETOPT_H 1
| #define HAVE_INTTYPES_H 1
| #define HAVE_READLINE_HISTORY_H 1
| #define HAVE_READLINE_READLINE_H 1
| #define HAVE_SIGNAL_H 1
| #define HAVE_STDARG_H 1
| #define HAVE_STDBOOL_H 1
| #define HAVE_STDINT_H 1
| #define HAVE_STDIO_H 1
| #define HAVE_STDLIB_H 1
| #define HAVE_STRING_H 1
| #define HAVE_SYS_STAT_H 1
| #define HAVE_SYS_TIME_H 1
| #define HAVE_SYS_TYPES_H 1
| #define HAVE_TIME_H 1
| #define HAVE_UNISTD_H 1
| #define HAVE_GETOPT_LONG 1
| #define HAVE_GETTIMEOFDAY 1
| #define HAVE_MEMSET 1
| #define HAVE_MUNMAP 1
| #define HAVE_SELECT 1
| #define HAVE_SOCKET 1
| #define HAVE_STRCHR 1
| #define HAVE_STRDUP 1
| #define HAVE_STRERROR 1
| #define HAVE_STRTOL 1
| #define HAVE_NETINET_IN_H 1
| #define HAVE_STDDEF_H 1
| #define HAVE_SYS_SOCKET_H 1
| #define HAVE_TERMIOS_H 1
| #define HAVE__BOOL 1
| #define HAVE_STDLIB_H 1
| #define HAVE_MALLOC 1
| #define HAVE_STDLIB_H 1
| #define HAVE_UNISTD_H 1
| #define HAVE_SYS_PARAM_H 1
| #define HAVE_GETPAGESIZE 1
| #define HAVE_MMAP 1
| /* end confdefs.h.  */
| #include <stdio.h>
| #ifdef HAVE_SYS_TYPES_H
| # include <sys/types.h>
| #endif
| #ifdef HAVE_SYS_STAT_H
| # include <sys/stat.h>
| #endif
| #ifdef STDC_HEADERS
| # include <stdlib.h>
| # include <stddef.h>
| #else
| # ifdef HAVE_STDLIB_H
| #  include <stdlib.h>
| # endif
| #endif
| #ifdef HAVE_STRING_H
| # if !defined STDC_HEADERS && defined HAVE_MEMORY_H
| #  include <memory.h>
| # endif
| # include <string.h>
| #endif
| #ifdef HAVE_STRINGS_H
| # include <strings.h>
| #endif
| #ifdef HAVE_INTTYPES_H
| # include <inttypes.h>
| #endif
| #ifdef HAVE_STDINT_H
| # include <stdint.h>
| #endif
| #ifdef HAVE_UNISTD_H
| # include <unistd.h>
| #endif
| int
| main ()
| {
| if (sizeof ((off_t)))
| 	    return 0;
|   ;
|   return 0;
| }
configure:8395: result: yes
configure:8406: checking for ssize_t
configure:8406: cc -c  -Wall -g -O3 -Wall -Wextra -Wno-unused-parameter -Wmissing-prototypes -I/usr/local/include conftest.c >&5
configure:8406: $? = 0
configure:8406: cc -c  -Wall -g -O3 -Wall -Wextra -Wno-unused-parameter -Wmissing-prototypes -I/usr/local/include conftest.c >&5
conftest.c:103:22: error: expected expression
if (sizeof ((ssize_t)))
                     ^
1 error generated.
configure:8406: $? = 1
configure: failed program was:
| /* confdefs.h */
| #define PACKAGE_NAME "msim"
| #define PACKAGE_TARNAME "msim"
| #define PACKAGE_VERSION "x1.3.8.5"
| #define PACKAGE_STRING "msim x1.3.8.5"
| #define PACKAGE_BUGREPORT ""
| #define PACKAGE_URL ""
| #define PACKAGE "msim"
| #define VERSION "x1.3.8.5"
| #define STDC_HEADERS 1
| #define HAVE_SYS_TYPES_H 1
| #define HAVE_SYS_STAT_H 1
| #define HAVE_STDLIB_H 1
| #define HAVE_STRING_H 1
| #define HAVE_MEMORY_H 1
| #define HAVE_STRINGS_H 1
| #define HAVE_INTTYPES_H 1
| #define HAVE_STDINT_H 1
| #define HAVE_UNISTD_H 1
| #define HAVE_STDLIB_H 1
| #define HAVE_REALLOC 1
| #define HAVE_READLINE_READLINE_H 1
| #define HAVE_READLINE_HISTORY_H 1
| #define STDC_HEADERS 1
| #define HAVE_CTYPE_H 1
| #define HAVE_ERRNO_H 1
| #define HAVE_FCNTL_H 1
| #define HAVE_GETOPT_H 1
| #define HAVE_INTTYPES_H 1
| #define HAVE_READLINE_HISTORY_H 1
| #define HAVE_READLINE_READLINE_H 1
| #define HAVE_SIGNAL_H 1
| #define HAVE_STDARG_H 1
| #define HAVE_STDBOOL_H 1
| #define HAVE_STDINT_H 1
| #define HAVE_STDIO_H 1
| #define HAVE_STDLIB_H 1
| #define HAVE_STRING_H 1
| #define HAVE_SYS_STAT_H 1
| #define HAVE_SYS_TIME_H 1
| #define HAVE_SYS_TYPES_H 1
| #define HAVE_TIME_H 1
| #define HAVE_UNISTD_H 1
| #define HAVE_GETOPT_LONG 1
| #define HAVE_GETTIMEOFDAY 1
| #define HAVE_MEMSET 1
| #define HAVE_MUNMAP 1
| #define HAVE_SELECT 1
| #define HAVE_SOCKET 1
| #define HAVE_STRCHR 1
| #define HAVE_STRDUP 1
| #define HAVE_STRERROR 1
| #define HAVE_STRTOL 1
| #define HAVE_NETINET_IN_H 1
| #define HAVE_STDDEF_H 1
| #define HAVE_SYS_SOCKET_H 1
| #define HAVE_TERMIOS_H 1
| #define HAVE__BOOL 1
| #define HAVE_STDLIB_H 1
| #define HAVE_MALLOC 1
| #define HAVE_STDLIB_H 1
| #define HAVE_UNISTD_H 1
| #define HAVE_SYS_PARAM_H 1
| #define HAVE_GETPAGESIZE 1
| #define HAVE_MMAP 1
| /* end confdefs.h.  */
| #include <stdio.h>
| #ifdef HAVE_SYS_TYPES_H
| # include <sys/types.h>
| #endif
| #ifdef HAVE_SYS_STAT_H
| # include <sys/stat.h>
| #endif
| #ifdef STDC_HEADERS
| # include <stdlib.h>
| # include <stddef.h>
| #else
| # ifdef HAVE_STDLIB_H
| #  include <stdlib.h>
| # endif
| #endif
| #ifdef HAVE_STRING_H
| # if !defined STDC_HEADERS && defined HAVE_MEMORY_H
| #  include <memory.h>
| # endif
| # include <string.h>
| #endif
| #ifdef HAVE_STRINGS_H
| # include <strings.h>
| #endif
| #ifdef HAVE_INTTYPES_H
| # include <inttypes.h>
| #endif
| #ifdef HAVE_STDINT_H
| # include <stdint.h>
| #endif
| #ifdef HAVE_UNISTD_H
| # include <unistd.h>
| #endif
| int
| main ()
| {
| if (sizeof ((ssize_t)))
| 	    return 0;
|   ;
|   return 0;
| }
configure:8406: result: yes
configure:8417: checking for uint16_t
configure:8417: cc -c  -Wall -g -O3 -Wall -Wextra -Wno-unused-parameter -Wmissing-prototypes -I/usr/local/include conftest.c >&5
configure:8417: $? = 0
configure:8417: result: yes
configure:8429: checking for uint32_t
configure:8429: cc -c  -Wall -g -O3 -Wall -Wextra -Wno-unused-parameter -Wmissing-prototypes -I/usr/local/include conftest.c >&5
configure:8429: $? = 0
configure:8429: result: yes
configure:8443: checking for uint64_t
configure:8443: cc -c  -Wall -g -O3 -Wall -Wextra -Wno-unused-parameter -Wmissing-prototypes -I/usr/local/include conftest.c >&5
configure:8443: $? = 0
configure:8443: result: yes
configure:8457: checking for uint8_t
configure:8457: cc -c  -Wall -g -O3 -Wall -Wextra -Wno-unused-parameter -Wmissing-prototypes -I/usr/local/include conftest.c >&5
configure:8457: $? = 0
configure:8457: result: yes
configure:8480: checking for special C compiler options needed for large files
configure:8525: result: no
configure:8531: checking for _FILE_OFFSET_BITS value needed for large files
configure:8556: cc -c  -Wall -g -O3 -Wall -Wextra -Wno-unused-parameter -Wmissing-prototypes -I/usr/local/include conftest.c >&5
configure:8556: $? = 0
configure:8588: result: no
configure:8791: checking that generated files are newer than configure
configure:8797: result: done
configure:8837: creating ./config.status

## ---------------------- ##
## Running config.status. ##
## ---------------------- ##

This file was extended by msim config.status x1.3.8.5, which was
generated by GNU Autoconf 2.69.  Invocation command line was

  CONFIG_FILES    = 
  CONFIG_HEADERS  = 
  CONFIG_LINKS    = 
  CONFIG_COMMANDS = 
  $ ./config.status 

on 

config.status:915: creating Makefile
config.status:915: creating src/Makefile
config.status:915: creating config.h
config.status:1096: config.h is unchanged
config.status:1144: executing depfiles commands

## ---------------- ##
## Cache variables. ##
## ---------------- ##

ac_cv_c_bigendian=no
ac_cv_c_compiler_gnu=yes
ac_cv_c_const=yes
ac_cv_c_inline=inline
ac_cv_c_int16_t=yes
ac_cv_c_int32_t=yes
ac_cv_c_int64_t=yes
ac_cv_c_uint16_t=yes
ac_cv_c_uint32_t=yes
ac_cv_c_uint64_t=yes
ac_cv_c_uint8_t=yes
ac_cv_cxx_compiler_gnu=yes
ac_cv_env_CCC_set=''
ac_cv_env_CCC_value=''
ac_cv_env_CC_set=''
ac_cv_env_CC_value=''
ac_cv_env_CFLAGS_set=''
ac_cv_env_CFLAGS_value=''
ac_cv_env_CPPFLAGS_set=set
ac_cv_env_CPPFLAGS_value=-I/usr/local/include
ac_cv_env_CPP_set=''
ac_cv_env_CPP_value=''
ac_cv_env_CXXFLAGS_set=''
ac_cv_env_CXXFLAGS_value=''
ac_cv_env_CXX_set=''
ac_cv_env_CXX_value=''
ac_cv_env_LDFLAGS_set=''
ac_cv_env_LDFLAGS_value=''
ac_cv_env_LIBS_set=''
ac_cv_env_LIBS_value=''
ac_cv_env_build_alias_set=''
ac_cv_env_build_alias_value=''
ac_cv_env_host_alias_set=''
ac_cv_env_host_alias_value=''
ac_cv_env_target_alias_set=''
ac_cv_env_target_alias_value=''
ac_cv_func_getopt_long=yes
ac_cv_func_getpagesize=yes
ac_cv_func_gettimeofday=yes
ac_cv_func_malloc_0_nonnull=yes
ac_cv_func_memset=yes
ac_cv_func_mmap_fixed_mapped=yes
ac_cv_func_munmap=yes
ac_cv_func_realloc_0_nonnull=yes
ac_cv_func_select=yes
ac_cv_func_socket=yes
ac_cv_func_strchr=yes
ac_cv_func_strdup=yes
ac_cv_func_strerror=yes
ac_cv_func_strtol=yes
ac_cv_header_ctype_h=yes
ac_cv_header_errno_h=yes
ac_cv_header_fcntl_h=yes
ac_cv_header_getopt_h=yes
ac_cv_header_inttypes_h=yes
ac_cv_header_memory_h=yes
ac_cv_header_netinet_in_h=yes
ac_cv_header_readline_history_h=yes
ac_cv_header_readline_readline_h=yes
ac_cv_header_signal_h=yes
ac_cv_header_stdarg_h=yes
ac_cv_header_stdbool_h=yes
ac_cv_header_stdc=yes
ac_cv_header_stddef_h=yes
ac_cv_header_stdint_h=yes
ac_cv_header_stdio_h=yes
ac_cv_header_stdlib_h=yes
ac_cv_header_string_h=yes
ac_cv_header_strings_h=yes
ac_cv_header_sys_param_h=yes
ac_cv_header_sys_socket_h=yes
ac_cv_header_sys_stat_h=yes
ac_cv_header_sys_time_h=yes
ac_cv_header_sys_types_h=yes
ac_cv_header_termios_h=yes
ac_cv_header_time_h=yes
ac_cv_header_unistd_h=yes
ac_cv_lib_error_at_line=no
ac_cv_lib_readline_readline=yes
ac_cv_lib_wsock32_main=no
ac_cv_objext=o
ac_cv_path_EGREP='/usr/bin/grep -E'
ac_cv_path_GREP=/usr/bin/grep
ac_cv_path_install='/usr/bin/install -c'
ac_cv_prog_AWK=nawk
ac_cv_prog_CC=cc
ac_cv_prog_CP=cp
ac_cv_prog_CPP='cc -E'
ac_cv_prog_DIFF=diff
ac_cv_prog_MAKEDEPEND=makedepend
ac_cv_prog_MV=mv
ac_cv_prog_RM=rm
ac_cv_prog_ac_ct_CXX=c++
ac_cv_prog_ac_ct_RANLIB=ranlib
ac_cv_prog_cc_c89=''
ac_cv_prog_cc_g=yes
ac_cv_prog_cxx_g=yes
ac_cv_prog_make_make_set=yes
ac_cv_sys_file_offset_bits=no
ac_cv_sys_largefile_CC=no
ac_cv_type__Bool=yes
ac_cv_type_off_t=yes
ac_cv_type_size_t=yes
ac_cv_type_ssize_t=yes
am_cv_CC_dependencies_compiler_type=none
am_cv_CXX_dependencies_compiler_type=none
am_cv_make_support_nested_variables=yes
am_cv_prog_cc_c_o=yes

## ----------------- ##
## Output variables. ##
## ----------------- ##

ACLOCAL='${SHELL} /home/maxfx/Documents/msim-1.3.8.5/missing aclocal-1.16'
AFTERBUILD=''
AMDEPBACKSLASH='\'
AMDEP_FALSE='#'
AMDEP_TRUE=''
AMTAR='$${TAR-tar}'
AM_BACKSLASH='\'
AM_DEFAULT_V='$(AM_DEFAULT_VERBOSITY)'
AM_DEFAULT_VERBOSITY='1'
AM_V='$(V)'
AUTOCONF='${SHELL} /home/maxfx/Documents/msim-1.3.8.5/missing autoconf'
AUTOHEADER='${SHELL} /home/maxfx/Documents/msim-1.3.8.5/missing autoheader'
AUTOMAKE='${SHELL} /home/maxfx/Documents/msim-1.3.8.5/missing automake-1.16'
AWK='nawk'
BUILDLIBS=''
CC='cc'
CCDEPMODE='depmode=none'
CFLAGS=' -Wall -g -O3 -Wall -Wextra -Wno-unused-parameter -Wmissing-prototypes'
CP='cp'
CPP='cc -E'
CPPFLAGS='-I/usr/local/include'
CXX='c++'
CXXDEPMODE='depmode=none'
CXXFLAGS='-g -O2'
CYGPATH_W='echo'
DEFS='-DHAVE_CONFIG_H'
DEPDIR='.deps'
DIFF='diff'
ECHO_C=''
ECHO_N='-n'
ECHO_T=''
EGREP='/usr/bin/grep -E'
EXEEXT=''
GREP='/usr/bin/grep'
INSTALL_DATA='${INSTALL} -m 644'
INSTALL_PREFIX=''
INSTALL_PROGRAM='${INSTALL}'
INSTALL_SCRIPT='${INSTALL}'
INSTALL_STRIP_PROGRAM='$(install_sh) -c -s'
LDFLAGS=' -L/lib -L/usr/local/lib -L/usr/lib '
LIBOBJS=' ${LIBOBJDIR}error$U.o'
LIBS=''
LN_S='ln -s'
LTLIBOBJS=' ${LIBOBJDIR}error$U.lo'
MAKEDEPEND='makedepend'
MAKEINFO='${SHELL} /home/maxfx/Documents/msim-1.3.8.5/missing makeinfo'
MKDIR_P='./install-sh -c -d'
MV='mv'
OBJEXT='o'
PACKAGE='msim'
PACKAGE_BUGREPORT=''
PACKAGE_NAME='msim'
PACKAGE_STRING='msim x1.3.8.5'
PACKAGE_TARNAME='msim'
PACKAGE_URL=''
PACKAGE_VERSION='x1.3.8.5'
PATH_SEPARATOR=':'
RANLIB='ranlib'
RM='rm'
SET_MAKE=''
SHELL='/bin/sh'
STRIP=''
VERSION='x1.3.8.5'
ac_ct_CC=''
ac_ct_CXX='c++'
am__EXEEXT_FALSE=''
am__EXEEXT_TRUE='#'
am__fastdepCC_FALSE=''
am__fastdepCC_TRUE='#'
am__fastdepCXX_FALSE=''
am__fastdepCXX_TRUE='#'
am__include='include'
am__isrc=''
am__leading_dot='.'
am__nodep='_no'
am__quote=''
am__tar='$${TAR-tar} chof - "$$tardir"'
am__untar='$${TAR-tar} xf -'
bindir='${exec_prefix}/bin'
build_alias=''
datadir='${datarootdir}'
datarootdir='${prefix}/share'
docdir='${datarootdir}/doc/${PACKAGE_TARNAME}'
dvidir='${docdir}'
exec_prefix='${prefix}'
host_alias=''
htmldir='${docdir}'
includedir='${prefix}/include'
infodir='${datarootdir}/info'
install_sh='${SHELL} /home/maxfx/Documents/msim-1.3.8.5/install-sh'
libdir='${exec_prefix}/lib'
libexecdir='${exec_prefix}/libexec'
localedir='${datarootdir}/locale'
localstatedir='${prefix}/var'
mandir='${datarootdir}/man'
mkdir_p='$(MKDIR_P)'
oldincludedir='/usr/include'
pdfdir='${docdir}'
prefix='/usr/local'
program_transform_name='s,x,x,'
psdir='${docdir}'
sbindir='${exec_prefix}/sbin'
sharedstatedir='${prefix}/com'
sysconfdir='${prefix}/etc'
target_alias=''

## ----------- ##
## confdefs.h. ##
## ----------- ##

/* confdefs.h */
#define PACKAGE_NAME "msim"
#define PACKAGE_TARNAME "msim"
#define PACKAGE_VERSION "x1.3.8.5"
#define PACKAGE_STRING "msim x1.3.8.5"
#define PACKAGE_BUGREPORT ""
#define PACKAGE_URL ""
#define PACKAGE "msim"
#define VERSION "x1.3.8.5"
#define STDC_HEADERS 1
#define HAVE_SYS_TYPES_H 1
#define HAVE_SYS_STAT_H 1
#define HAVE_STDLIB_H 1
#define HAVE_STRING_H 1
#define HAVE_MEMORY_H 1
#define HAVE_STRINGS_H 1
#define HAVE_INTTYPES_H 1
#define HAVE_STDINT_H 1
#define HAVE_UNISTD_H 1
#define HAVE_STDLIB_H 1
#define HAVE_REALLOC 1
#define HAVE_READLINE_READLINE_H 1
#define HAVE_READLINE_HISTORY_H 1
#define STDC_HEADERS 1
#define HAVE_CTYPE_H 1
#define HAVE_ERRNO_H 1
#define HAVE_FCNTL_H 1
#define HAVE_GETOPT_H 1
#define HAVE_INTTYPES_H 1
#define HAVE_READLINE_HISTORY_H 1
#define HAVE_READLINE_READLINE_H 1
#define HAVE_SIGNAL_H 1
#define HAVE_STDARG_H 1
#define HAVE_STDBOOL_H 1
#define HAVE_STDINT_H 1
#define HAVE_STDIO_H 1
#define HAVE_STDLIB_H 1
#define HAVE_STRING_H 1
#define HAVE_SYS_STAT_H 1
#define HAVE_SYS_TIME_H 1
#define HAVE_SYS_TYPES_H 1
#define HAVE_TIME_H 1
#define HAVE_UNISTD_H 1
#define HAVE_GETOPT_LONG 1
#define HAVE_GETTIMEOFDAY 1
#define HAVE_MEMSET 1
#define HAVE_MUNMAP 1
#define HAVE_SELECT 1
#define HAVE_SOCKET 1
#define HAVE_STRCHR 1
#define HAVE_STRDUP 1
#define HAVE_STRERROR 1
#define HAVE_STRTOL 1
#define HAVE_NETINET_IN_H 1
#define HAVE_STDDEF_H 1
#define HAVE_SYS_SOCKET_H 1
#define HAVE_TERMIOS_H 1
#define HAVE__BOOL 1
#define HAVE_STDLIB_H 1
#define HAVE_MALLOC 1
#define HAVE_STDLIB_H 1
#define HAVE_UNISTD_H 1
#define HAVE_SYS_PARAM_H 1
#define HAVE_GETPAGESIZE 1
#define HAVE_MMAP 1

configure: exit 0
